   0  $accept : %entry% $end

   1  program : decls EOF

   2  decls :
   3        | decls statement

   4  formals_opt :
   5              | formal_list

   6  formal_list : typ ID
   7              | formal_list COMMA typ ID

   8  expr_opt :
   9           | expr

  10  args_opt :
  11           | args_list

  12  args_list : expr
  13            | args_list COMMA expr

  14  fdecl : typ ID LPAREN formals_opt RPAREN LBRACE stmnt_list RBRACE

  15  stmnt_list :
  16             | stmnt_list statement

  17  typ : INT
  18      | BOOL
  19      | FLOAT
  20      | STRING
  21      | LAMBDA
  22      | NONE
  23      | TABLE
  24      | TUPLE
  25      | LIST

  26  primitives : ILIT
  27             | FLIT
  28             | BLIT
  29             | SLIT

  30  array :
  31        | primitives
  32        | array COMMA primitives

  33  statement : expr SEMI
  34            | RETURN expr_opt SEMI
  35            | IF LPAREN expr RPAREN LBRACE stmnt_list RBRACE
  36            | IF LPAREN expr RPAREN LBRACE stmnt_list RBRACE ELSE LBRACE stmnt_list RBRACE
  37            | WHILE LPAREN expr RPAREN LBRACE stmnt_list RBRACE
  38            | BREAK SEMI
  39            | ID ASSIGN expr SEMI
  40            | typ ID ASSIGN expr SEMI
  41            | typ ID SEMI
  42            | PRINT expr
  43            | fdecl

  44  expr : ILIT
  45       | FLIT
  46       | BLIT
  47       | SLIT
  48       | ID
  49       | expr PLUS expr
  50       | expr MINUS expr
  51       | expr TIMES expr
  52       | expr DIVIDE expr
  53       | expr POW expr
  54       | expr MOD expr
  55       | expr LOG expr
  56       | expr EQ expr
  57       | expr NEQ expr
  58       | expr LT expr
  59       | expr LEQ expr
  60       | expr GT expr
  61       | expr GEQ expr
  62       | expr AND expr
  63       | expr OR expr
  64       | MINUS expr
  65       | NOT expr
  66       | ID LPAREN args_opt RPAREN
  67       | expr DOT ID LPAREN args_opt RPAREN
  68       | LBRACK array RBRACK
  69       | LPAREN array RPAREN

  70  %entry% : '\001' program

state 0
	$accept : . %entry% $end  (0)

	'\001'  shift 1
	.  error

	%entry%  goto 2


state 1
	%entry% : '\001' . program  (70)
	decls : .  (2)

	.  reduce 2

	program  goto 3
	decls  goto 4


state 2
	$accept : %entry% . $end  (0)

	$end  accept


state 3
	%entry% : '\001' program .  (70)

	.  reduce 70


state 4
	program : decls . EOF  (1)
	decls : decls . statement  (3)

	LPAREN  shift 5
	LBRACK  shift 6
	MINUS  shift 7
	NOT  shift 8
	RETURN  shift 9
	IF  shift 10
	WHILE  shift 11
	PRINT  shift 12
	BREAK  shift 13
	INT  shift 14
	BOOL  shift 15
	FLOAT  shift 16
	NONE  shift 17
	STRING  shift 18
	LAMBDA  shift 19
	TABLE  shift 20
	LIST  shift 21
	TUPLE  shift 22
	ILIT  shift 23
	BLIT  shift 24
	SLIT  shift 25
	ID  shift 26
	FLIT  shift 27
	EOF  shift 28
	.  error

	statement  goto 29
	typ  goto 30
	expr  goto 31
	fdecl  goto 32


state 5
	expr : LPAREN . array RPAREN  (69)
	array : .  (30)

	ILIT  shift 33
	BLIT  shift 34
	SLIT  shift 35
	FLIT  shift 36
	RPAREN  reduce 30
	COMMA  reduce 30

	primitives  goto 37
	array  goto 38


state 6
	expr : LBRACK . array RBRACK  (68)
	array : .  (30)

	ILIT  shift 33
	BLIT  shift 34
	SLIT  shift 35
	FLIT  shift 36
	RBRACK  reduce 30
	COMMA  reduce 30

	primitives  goto 37
	array  goto 39


state 7
	expr : MINUS . expr  (64)

	LPAREN  shift 5
	LBRACK  shift 6
	MINUS  shift 7
	NOT  shift 8
	ILIT  shift 23
	BLIT  shift 24
	SLIT  shift 25
	ID  shift 40
	FLIT  shift 27
	.  error

	expr  goto 41


state 8
	expr : NOT . expr  (65)

	LPAREN  shift 5
	LBRACK  shift 6
	MINUS  shift 7
	NOT  shift 8
	ILIT  shift 23
	BLIT  shift 24
	SLIT  shift 25
	ID  shift 40
	FLIT  shift 27
	.  error

	expr  goto 42


state 9
	statement : RETURN . expr_opt SEMI  (34)
	expr_opt : .  (8)

	LPAREN  shift 5
	LBRACK  shift 6
	MINUS  shift 7
	NOT  shift 8
	ILIT  shift 23
	BLIT  shift 24
	SLIT  shift 25
	ID  shift 40
	FLIT  shift 27
	SEMI  reduce 8

	expr_opt  goto 43
	expr  goto 44


state 10
	statement : IF . LPAREN expr RPAREN LBRACE stmnt_list RBRACE  (35)
	statement : IF . LPAREN expr RPAREN LBRACE stmnt_list RBRACE ELSE LBRACE stmnt_list RBRACE  (36)

	LPAREN  shift 45
	.  error


state 11
	statement : WHILE . LPAREN expr RPAREN LBRACE stmnt_list RBRACE  (37)

	LPAREN  shift 46
	.  error


state 12
	statement : PRINT . expr  (42)

	LPAREN  shift 5
	LBRACK  shift 6
	MINUS  shift 7
	NOT  shift 8
	ILIT  shift 23
	BLIT  shift 24
	SLIT  shift 25
	ID  shift 40
	FLIT  shift 27
	.  error

	expr  goto 47


state 13
	statement : BREAK . SEMI  (38)

	SEMI  shift 48
	.  error


state 14
	typ : INT .  (17)

	.  reduce 17


state 15
	typ : BOOL .  (18)

	.  reduce 18


state 16
	typ : FLOAT .  (19)

	.  reduce 19


state 17
	typ : NONE .  (22)

	.  reduce 22


state 18
	typ : STRING .  (20)

	.  reduce 20


state 19
	typ : LAMBDA .  (21)

	.  reduce 21


state 20
	typ : TABLE .  (23)

	.  reduce 23


state 21
	typ : LIST .  (25)

	.  reduce 25


state 22
	typ : TUPLE .  (24)

	.  reduce 24


state 23
	expr : ILIT .  (44)

	.  reduce 44


state 24
	expr : BLIT .  (46)

	.  reduce 46


state 25
	expr : SLIT .  (47)

	.  reduce 47


state 26
	statement : ID . ASSIGN expr SEMI  (39)
	expr : ID .  (48)
	expr : ID . LPAREN args_opt RPAREN  (66)

	LPAREN  shift 49
	ASSIGN  shift 50
	SEMI  reduce 48
	DOT  reduce 48
	PLUS  reduce 48
	MINUS  reduce 48
	TIMES  reduce 48
	DIVIDE  reduce 48
	POW  reduce 48
	LOG  reduce 48
	MOD  reduce 48
	EQ  reduce 48
	NEQ  reduce 48
	LT  reduce 48
	LEQ  reduce 48
	GT  reduce 48
	GEQ  reduce 48
	AND  reduce 48
	OR  reduce 48


state 27
	expr : FLIT .  (45)

	.  reduce 45


state 28
	program : decls EOF .  (1)

	.  reduce 1


state 29
	decls : decls statement .  (3)

	.  reduce 3


state 30
	fdecl : typ . ID LPAREN formals_opt RPAREN LBRACE stmnt_list RBRACE  (14)
	statement : typ . ID ASSIGN expr SEMI  (40)
	statement : typ . ID SEMI  (41)

	ID  shift 51
	.  error


state 31
	statement : expr . SEMI  (33)
	expr : expr . PLUS expr  (49)
	expr : expr . MINUS expr  (50)
	expr : expr . TIMES expr  (51)
	expr : expr . DIVIDE expr  (52)
	expr : expr . POW expr  (53)
	expr : expr . MOD expr  (54)
	expr : expr . LOG expr  (55)
	expr : expr . EQ expr  (56)
	expr : expr . NEQ expr  (57)
	expr : expr . LT expr  (58)
	expr : expr . LEQ expr  (59)
	expr : expr . GT expr  (60)
	expr : expr . GEQ expr  (61)
	expr : expr . AND expr  (62)
	expr : expr . OR expr  (63)
	expr : expr . DOT ID LPAREN args_opt RPAREN  (67)

	SEMI  shift 52
	DOT  shift 53
	PLUS  shift 54
	MINUS  shift 55
	TIMES  shift 56
	DIVIDE  shift 57
	POW  shift 58
	LOG  shift 59
	MOD  shift 60
	EQ  shift 61
	NEQ  shift 62
	LT  shift 63
	LEQ  shift 64
	GT  shift 65
	GEQ  shift 66
	AND  shift 67
	OR  shift 68
	.  error


state 32
	statement : fdecl .  (43)

	.  reduce 43


state 33
	primitives : ILIT .  (26)

	.  reduce 26


state 34
	primitives : BLIT .  (28)

	.  reduce 28


state 35
	primitives : SLIT .  (29)

	.  reduce 29


state 36
	primitives : FLIT .  (27)

	.  reduce 27


state 37
	array : primitives .  (31)

	.  reduce 31


state 38
	array : array . COMMA primitives  (32)
	expr : LPAREN array . RPAREN  (69)

	RPAREN  shift 69
	COMMA  shift 70
	.  error


state 39
	array : array . COMMA primitives  (32)
	expr : LBRACK array . RBRACK  (68)

	RBRACK  shift 71
	COMMA  shift 70
	.  error


40: shift/reduce conflict (shift 49, reduce 48) on LPAREN
state 40
	expr : ID .  (48)
	expr : ID . LPAREN args_opt RPAREN  (66)

	LPAREN  shift 49
	RPAREN  reduce 48
	RBRACE  reduce 48
	LBRACK  reduce 48
	COMMA  reduce 48
	SEMI  reduce 48
	DOT  reduce 48
	PLUS  reduce 48
	MINUS  reduce 48
	TIMES  reduce 48
	DIVIDE  reduce 48
	POW  reduce 48
	LOG  reduce 48
	MOD  reduce 48
	NOT  reduce 48
	EQ  reduce 48
	NEQ  reduce 48
	LT  reduce 48
	LEQ  reduce 48
	GT  reduce 48
	GEQ  reduce 48
	AND  reduce 48
	OR  reduce 48
	RETURN  reduce 48
	IF  reduce 48
	WHILE  reduce 48
	PRINT  reduce 48
	BREAK  reduce 48
	INT  reduce 48
	BOOL  reduce 48
	FLOAT  reduce 48
	NONE  reduce 48
	STRING  reduce 48
	LAMBDA  reduce 48
	TABLE  reduce 48
	LIST  reduce 48
	TUPLE  reduce 48
	ILIT  reduce 48
	BLIT  reduce 48
	SLIT  reduce 48
	ID  reduce 48
	FLIT  reduce 48
	EOF  reduce 48


state 41
	expr : expr . PLUS expr  (49)
	expr : expr . MINUS expr  (50)
	expr : expr . TIMES expr  (51)
	expr : expr . DIVIDE expr  (52)
	expr : expr . POW expr  (53)
	expr : expr . MOD expr  (54)
	expr : expr . LOG expr  (55)
	expr : expr . EQ expr  (56)
	expr : expr . NEQ expr  (57)
	expr : expr . LT expr  (58)
	expr : expr . LEQ expr  (59)
	expr : expr . GT expr  (60)
	expr : expr . GEQ expr  (61)
	expr : expr . AND expr  (62)
	expr : expr . OR expr  (63)
	expr : MINUS expr .  (64)
	expr : expr . DOT ID LPAREN args_opt RPAREN  (67)

	DOT  shift 53
	LPAREN  reduce 64
	RPAREN  reduce 64
	RBRACE  reduce 64
	LBRACK  reduce 64
	COMMA  reduce 64
	SEMI  reduce 64
	PLUS  reduce 64
	MINUS  reduce 64
	TIMES  reduce 64
	DIVIDE  reduce 64
	POW  reduce 64
	LOG  reduce 64
	MOD  reduce 64
	NOT  reduce 64
	EQ  reduce 64
	NEQ  reduce 64
	LT  reduce 64
	LEQ  reduce 64
	GT  reduce 64
	GEQ  reduce 64
	AND  reduce 64
	OR  reduce 64
	RETURN  reduce 64
	IF  reduce 64
	WHILE  reduce 64
	PRINT  reduce 64
	BREAK  reduce 64
	INT  reduce 64
	BOOL  reduce 64
	FLOAT  reduce 64
	NONE  reduce 64
	STRING  reduce 64
	LAMBDA  reduce 64
	TABLE  reduce 64
	LIST  reduce 64
	TUPLE  reduce 64
	ILIT  reduce 64
	BLIT  reduce 64
	SLIT  reduce 64
	ID  reduce 64
	FLIT  reduce 64
	EOF  reduce 64


state 42
	expr : expr . PLUS expr  (49)
	expr : expr . MINUS expr  (50)
	expr : expr . TIMES expr  (51)
	expr : expr . DIVIDE expr  (52)
	expr : expr . POW expr  (53)
	expr : expr . MOD expr  (54)
	expr : expr . LOG expr  (55)
	expr : expr . EQ expr  (56)
	expr : expr . NEQ expr  (57)
	expr : expr . LT expr  (58)
	expr : expr . LEQ expr  (59)
	expr : expr . GT expr  (60)
	expr : expr . GEQ expr  (61)
	expr : expr . AND expr  (62)
	expr : expr . OR expr  (63)
	expr : NOT expr .  (65)
	expr : expr . DOT ID LPAREN args_opt RPAREN  (67)

	DOT  shift 53
	LPAREN  reduce 65
	RPAREN  reduce 65
	RBRACE  reduce 65
	LBRACK  reduce 65
	COMMA  reduce 65
	SEMI  reduce 65
	PLUS  reduce 65
	MINUS  reduce 65
	TIMES  reduce 65
	DIVIDE  reduce 65
	POW  reduce 65
	LOG  reduce 65
	MOD  reduce 65
	NOT  reduce 65
	EQ  reduce 65
	NEQ  reduce 65
	LT  reduce 65
	LEQ  reduce 65
	GT  reduce 65
	GEQ  reduce 65
	AND  reduce 65
	OR  reduce 65
	RETURN  reduce 65
	IF  reduce 65
	WHILE  reduce 65
	PRINT  reduce 65
	BREAK  reduce 65
	INT  reduce 65
	BOOL  reduce 65
	FLOAT  reduce 65
	NONE  reduce 65
	STRING  reduce 65
	LAMBDA  reduce 65
	TABLE  reduce 65
	LIST  reduce 65
	TUPLE  reduce 65
	ILIT  reduce 65
	BLIT  reduce 65
	SLIT  reduce 65
	ID  reduce 65
	FLIT  reduce 65
	EOF  reduce 65


state 43
	statement : RETURN expr_opt . SEMI  (34)

	SEMI  shift 72
	.  error


state 44
	expr_opt : expr .  (9)
	expr : expr . PLUS expr  (49)
	expr : expr . MINUS expr  (50)
	expr : expr . TIMES expr  (51)
	expr : expr . DIVIDE expr  (52)
	expr : expr . POW expr  (53)
	expr : expr . MOD expr  (54)
	expr : expr . LOG expr  (55)
	expr : expr . EQ expr  (56)
	expr : expr . NEQ expr  (57)
	expr : expr . LT expr  (58)
	expr : expr . LEQ expr  (59)
	expr : expr . GT expr  (60)
	expr : expr . GEQ expr  (61)
	expr : expr . AND expr  (62)
	expr : expr . OR expr  (63)
	expr : expr . DOT ID LPAREN args_opt RPAREN  (67)

	DOT  shift 53
	PLUS  shift 54
	MINUS  shift 55
	TIMES  shift 56
	DIVIDE  shift 57
	POW  shift 58
	LOG  shift 59
	MOD  shift 60
	EQ  shift 61
	NEQ  shift 62
	LT  shift 63
	LEQ  shift 64
	GT  shift 65
	GEQ  shift 66
	AND  shift 67
	OR  shift 68
	SEMI  reduce 9


state 45
	statement : IF LPAREN . expr RPAREN LBRACE stmnt_list RBRACE  (35)
	statement : IF LPAREN . expr RPAREN LBRACE stmnt_list RBRACE ELSE LBRACE stmnt_list RBRACE  (36)

	LPAREN  shift 5
	LBRACK  shift 6
	MINUS  shift 7
	NOT  shift 8
	ILIT  shift 23
	BLIT  shift 24
	SLIT  shift 25
	ID  shift 40
	FLIT  shift 27
	.  error

	expr  goto 73


state 46
	statement : WHILE LPAREN . expr RPAREN LBRACE stmnt_list RBRACE  (37)

	LPAREN  shift 5
	LBRACK  shift 6
	MINUS  shift 7
	NOT  shift 8
	ILIT  shift 23
	BLIT  shift 24
	SLIT  shift 25
	ID  shift 40
	FLIT  shift 27
	.  error

	expr  goto 74


state 47
	statement : PRINT expr .  (42)
	expr : expr . PLUS expr  (49)
	expr : expr . MINUS expr  (50)
	expr : expr . TIMES expr  (51)
	expr : expr . DIVIDE expr  (52)
	expr : expr . POW expr  (53)
	expr : expr . MOD expr  (54)
	expr : expr . LOG expr  (55)
	expr : expr . EQ expr  (56)
	expr : expr . NEQ expr  (57)
	expr : expr . LT expr  (58)
	expr : expr . LEQ expr  (59)
	expr : expr . GT expr  (60)
	expr : expr . GEQ expr  (61)
	expr : expr . AND expr  (62)
	expr : expr . OR expr  (63)
	expr : expr . DOT ID LPAREN args_opt RPAREN  (67)

	DOT  shift 53
	PLUS  shift 54
	MINUS  shift 55
	TIMES  shift 56
	DIVIDE  shift 57
	POW  shift 58
	LOG  shift 59
	MOD  shift 60
	EQ  shift 61
	NEQ  shift 62
	LT  shift 63
	LEQ  shift 64
	GT  shift 65
	GEQ  shift 66
	AND  shift 67
	OR  shift 68
	LPAREN  reduce 42
	RBRACE  reduce 42
	LBRACK  reduce 42
	NOT  reduce 42
	RETURN  reduce 42
	IF  reduce 42
	WHILE  reduce 42
	PRINT  reduce 42
	BREAK  reduce 42
	INT  reduce 42
	BOOL  reduce 42
	FLOAT  reduce 42
	NONE  reduce 42
	STRING  reduce 42
	LAMBDA  reduce 42
	TABLE  reduce 42
	LIST  reduce 42
	TUPLE  reduce 42
	ILIT  reduce 42
	BLIT  reduce 42
	SLIT  reduce 42
	ID  reduce 42
	FLIT  reduce 42
	EOF  reduce 42


state 48
	statement : BREAK SEMI .  (38)

	.  reduce 38


state 49
	expr : ID LPAREN . args_opt RPAREN  (66)
	args_opt : .  (10)

	LPAREN  shift 5
	LBRACK  shift 6
	MINUS  shift 7
	NOT  shift 8
	ILIT  shift 23
	BLIT  shift 24
	SLIT  shift 25
	ID  shift 40
	FLIT  shift 27
	RPAREN  reduce 10

	expr  goto 75
	args_opt  goto 76
	args_list  goto 77


state 50
	statement : ID ASSIGN . expr SEMI  (39)

	LPAREN  shift 5
	LBRACK  shift 6
	MINUS  shift 7
	NOT  shift 8
	ILIT  shift 23
	BLIT  shift 24
	SLIT  shift 25
	ID  shift 40
	FLIT  shift 27
	.  error

	expr  goto 78


state 51
	fdecl : typ ID . LPAREN formals_opt RPAREN LBRACE stmnt_list RBRACE  (14)
	statement : typ ID . ASSIGN expr SEMI  (40)
	statement : typ ID . SEMI  (41)

	LPAREN  shift 79
	SEMI  shift 80
	ASSIGN  shift 81
	.  error


state 52
	statement : expr SEMI .  (33)

	.  reduce 33


state 53
	expr : expr DOT . ID LPAREN args_opt RPAREN  (67)

	ID  shift 82
	.  error


state 54
	expr : expr PLUS . expr  (49)

	LPAREN  shift 5
	LBRACK  shift 6
	MINUS  shift 7
	NOT  shift 8
	ILIT  shift 23
	BLIT  shift 24
	SLIT  shift 25
	ID  shift 40
	FLIT  shift 27
	.  error

	expr  goto 83


state 55
	expr : expr MINUS . expr  (50)

	LPAREN  shift 5
	LBRACK  shift 6
	MINUS  shift 7
	NOT  shift 8
	ILIT  shift 23
	BLIT  shift 24
	SLIT  shift 25
	ID  shift 40
	FLIT  shift 27
	.  error

	expr  goto 84


state 56
	expr : expr TIMES . expr  (51)

	LPAREN  shift 5
	LBRACK  shift 6
	MINUS  shift 7
	NOT  shift 8
	ILIT  shift 23
	BLIT  shift 24
	SLIT  shift 25
	ID  shift 40
	FLIT  shift 27
	.  error

	expr  goto 85


state 57
	expr : expr DIVIDE . expr  (52)

	LPAREN  shift 5
	LBRACK  shift 6
	MINUS  shift 7
	NOT  shift 8
	ILIT  shift 23
	BLIT  shift 24
	SLIT  shift 25
	ID  shift 40
	FLIT  shift 27
	.  error

	expr  goto 86


state 58
	expr : expr POW . expr  (53)

	LPAREN  shift 5
	LBRACK  shift 6
	MINUS  shift 7
	NOT  shift 8
	ILIT  shift 23
	BLIT  shift 24
	SLIT  shift 25
	ID  shift 40
	FLIT  shift 27
	.  error

	expr  goto 87


state 59
	expr : expr LOG . expr  (55)

	LPAREN  shift 5
	LBRACK  shift 6
	MINUS  shift 7
	NOT  shift 8
	ILIT  shift 23
	BLIT  shift 24
	SLIT  shift 25
	ID  shift 40
	FLIT  shift 27
	.  error

	expr  goto 88


state 60
	expr : expr MOD . expr  (54)

	LPAREN  shift 5
	LBRACK  shift 6
	MINUS  shift 7
	NOT  shift 8
	ILIT  shift 23
	BLIT  shift 24
	SLIT  shift 25
	ID  shift 40
	FLIT  shift 27
	.  error

	expr  goto 89


state 61
	expr : expr EQ . expr  (56)

	LPAREN  shift 5
	LBRACK  shift 6
	MINUS  shift 7
	NOT  shift 8
	ILIT  shift 23
	BLIT  shift 24
	SLIT  shift 25
	ID  shift 40
	FLIT  shift 27
	.  error

	expr  goto 90


state 62
	expr : expr NEQ . expr  (57)

	LPAREN  shift 5
	LBRACK  shift 6
	MINUS  shift 7
	NOT  shift 8
	ILIT  shift 23
	BLIT  shift 24
	SLIT  shift 25
	ID  shift 40
	FLIT  shift 27
	.  error

	expr  goto 91


state 63
	expr : expr LT . expr  (58)

	LPAREN  shift 5
	LBRACK  shift 6
	MINUS  shift 7
	NOT  shift 8
	ILIT  shift 23
	BLIT  shift 24
	SLIT  shift 25
	ID  shift 40
	FLIT  shift 27
	.  error

	expr  goto 92


state 64
	expr : expr LEQ . expr  (59)

	LPAREN  shift 5
	LBRACK  shift 6
	MINUS  shift 7
	NOT  shift 8
	ILIT  shift 23
	BLIT  shift 24
	SLIT  shift 25
	ID  shift 40
	FLIT  shift 27
	.  error

	expr  goto 93


state 65
	expr : expr GT . expr  (60)

	LPAREN  shift 5
	LBRACK  shift 6
	MINUS  shift 7
	NOT  shift 8
	ILIT  shift 23
	BLIT  shift 24
	SLIT  shift 25
	ID  shift 40
	FLIT  shift 27
	.  error

	expr  goto 94


state 66
	expr : expr GEQ . expr  (61)

	LPAREN  shift 5
	LBRACK  shift 6
	MINUS  shift 7
	NOT  shift 8
	ILIT  shift 23
	BLIT  shift 24
	SLIT  shift 25
	ID  shift 40
	FLIT  shift 27
	.  error

	expr  goto 95


state 67
	expr : expr AND . expr  (62)

	LPAREN  shift 5
	LBRACK  shift 6
	MINUS  shift 7
	NOT  shift 8
	ILIT  shift 23
	BLIT  shift 24
	SLIT  shift 25
	ID  shift 40
	FLIT  shift 27
	.  error

	expr  goto 96


state 68
	expr : expr OR . expr  (63)

	LPAREN  shift 5
	LBRACK  shift 6
	MINUS  shift 7
	NOT  shift 8
	ILIT  shift 23
	BLIT  shift 24
	SLIT  shift 25
	ID  shift 40
	FLIT  shift 27
	.  error

	expr  goto 97


state 69
	expr : LPAREN array RPAREN .  (69)

	.  reduce 69


state 70
	array : array COMMA . primitives  (32)

	ILIT  shift 33
	BLIT  shift 34
	SLIT  shift 35
	FLIT  shift 36
	.  error

	primitives  goto 98


state 71
	expr : LBRACK array RBRACK .  (68)

	.  reduce 68


state 72
	statement : RETURN expr_opt SEMI .  (34)

	.  reduce 34


state 73
	statement : IF LPAREN expr . RPAREN LBRACE stmnt_list RBRACE  (35)
	statement : IF LPAREN expr . RPAREN LBRACE stmnt_list RBRACE ELSE LBRACE stmnt_list RBRACE  (36)
	expr : expr . PLUS expr  (49)
	expr : expr . MINUS expr  (50)
	expr : expr . TIMES expr  (51)
	expr : expr . DIVIDE expr  (52)
	expr : expr . POW expr  (53)
	expr : expr . MOD expr  (54)
	expr : expr . LOG expr  (55)
	expr : expr . EQ expr  (56)
	expr : expr . NEQ expr  (57)
	expr : expr . LT expr  (58)
	expr : expr . LEQ expr  (59)
	expr : expr . GT expr  (60)
	expr : expr . GEQ expr  (61)
	expr : expr . AND expr  (62)
	expr : expr . OR expr  (63)
	expr : expr . DOT ID LPAREN args_opt RPAREN  (67)

	RPAREN  shift 99
	DOT  shift 53
	PLUS  shift 54
	MINUS  shift 55
	TIMES  shift 56
	DIVIDE  shift 57
	POW  shift 58
	LOG  shift 59
	MOD  shift 60
	EQ  shift 61
	NEQ  shift 62
	LT  shift 63
	LEQ  shift 64
	GT  shift 65
	GEQ  shift 66
	AND  shift 67
	OR  shift 68
	.  error


state 74
	statement : WHILE LPAREN expr . RPAREN LBRACE stmnt_list RBRACE  (37)
	expr : expr . PLUS expr  (49)
	expr : expr . MINUS expr  (50)
	expr : expr . TIMES expr  (51)
	expr : expr . DIVIDE expr  (52)
	expr : expr . POW expr  (53)
	expr : expr . MOD expr  (54)
	expr : expr . LOG expr  (55)
	expr : expr . EQ expr  (56)
	expr : expr . NEQ expr  (57)
	expr : expr . LT expr  (58)
	expr : expr . LEQ expr  (59)
	expr : expr . GT expr  (60)
	expr : expr . GEQ expr  (61)
	expr : expr . AND expr  (62)
	expr : expr . OR expr  (63)
	expr : expr . DOT ID LPAREN args_opt RPAREN  (67)

	RPAREN  shift 100
	DOT  shift 53
	PLUS  shift 54
	MINUS  shift 55
	TIMES  shift 56
	DIVIDE  shift 57
	POW  shift 58
	LOG  shift 59
	MOD  shift 60
	EQ  shift 61
	NEQ  shift 62
	LT  shift 63
	LEQ  shift 64
	GT  shift 65
	GEQ  shift 66
	AND  shift 67
	OR  shift 68
	.  error


state 75
	args_list : expr .  (12)
	expr : expr . PLUS expr  (49)
	expr : expr . MINUS expr  (50)
	expr : expr . TIMES expr  (51)
	expr : expr . DIVIDE expr  (52)
	expr : expr . POW expr  (53)
	expr : expr . MOD expr  (54)
	expr : expr . LOG expr  (55)
	expr : expr . EQ expr  (56)
	expr : expr . NEQ expr  (57)
	expr : expr . LT expr  (58)
	expr : expr . LEQ expr  (59)
	expr : expr . GT expr  (60)
	expr : expr . GEQ expr  (61)
	expr : expr . AND expr  (62)
	expr : expr . OR expr  (63)
	expr : expr . DOT ID LPAREN args_opt RPAREN  (67)

	DOT  shift 53
	PLUS  shift 54
	MINUS  shift 55
	TIMES  shift 56
	DIVIDE  shift 57
	POW  shift 58
	LOG  shift 59
	MOD  shift 60
	EQ  shift 61
	NEQ  shift 62
	LT  shift 63
	LEQ  shift 64
	GT  shift 65
	GEQ  shift 66
	AND  shift 67
	OR  shift 68
	RPAREN  reduce 12
	COMMA  reduce 12


state 76
	expr : ID LPAREN args_opt . RPAREN  (66)

	RPAREN  shift 101
	.  error


state 77
	args_opt : args_list .  (11)
	args_list : args_list . COMMA expr  (13)

	COMMA  shift 102
	RPAREN  reduce 11


state 78
	statement : ID ASSIGN expr . SEMI  (39)
	expr : expr . PLUS expr  (49)
	expr : expr . MINUS expr  (50)
	expr : expr . TIMES expr  (51)
	expr : expr . DIVIDE expr  (52)
	expr : expr . POW expr  (53)
	expr : expr . MOD expr  (54)
	expr : expr . LOG expr  (55)
	expr : expr . EQ expr  (56)
	expr : expr . NEQ expr  (57)
	expr : expr . LT expr  (58)
	expr : expr . LEQ expr  (59)
	expr : expr . GT expr  (60)
	expr : expr . GEQ expr  (61)
	expr : expr . AND expr  (62)
	expr : expr . OR expr  (63)
	expr : expr . DOT ID LPAREN args_opt RPAREN  (67)

	SEMI  shift 103
	DOT  shift 53
	PLUS  shift 54
	MINUS  shift 55
	TIMES  shift 56
	DIVIDE  shift 57
	POW  shift 58
	LOG  shift 59
	MOD  shift 60
	EQ  shift 61
	NEQ  shift 62
	LT  shift 63
	LEQ  shift 64
	GT  shift 65
	GEQ  shift 66
	AND  shift 67
	OR  shift 68
	.  error


state 79
	fdecl : typ ID LPAREN . formals_opt RPAREN LBRACE stmnt_list RBRACE  (14)
	formals_opt : .  (4)

	INT  shift 14
	BOOL  shift 15
	FLOAT  shift 16
	NONE  shift 17
	STRING  shift 18
	LAMBDA  shift 19
	TABLE  shift 20
	LIST  shift 21
	TUPLE  shift 22
	RPAREN  reduce 4

	formals_opt  goto 104
	formal_list  goto 105
	typ  goto 106


state 80
	statement : typ ID SEMI .  (41)

	.  reduce 41


state 81
	statement : typ ID ASSIGN . expr SEMI  (40)

	LPAREN  shift 5
	LBRACK  shift 6
	MINUS  shift 7
	NOT  shift 8
	ILIT  shift 23
	BLIT  shift 24
	SLIT  shift 25
	ID  shift 40
	FLIT  shift 27
	.  error

	expr  goto 107


state 82
	expr : expr DOT ID . LPAREN args_opt RPAREN  (67)

	LPAREN  shift 108
	.  error


state 83
	expr : expr . PLUS expr  (49)
	expr : expr PLUS expr .  (49)
	expr : expr . MINUS expr  (50)
	expr : expr . TIMES expr  (51)
	expr : expr . DIVIDE expr  (52)
	expr : expr . POW expr  (53)
	expr : expr . MOD expr  (54)
	expr : expr . LOG expr  (55)
	expr : expr . EQ expr  (56)
	expr : expr . NEQ expr  (57)
	expr : expr . LT expr  (58)
	expr : expr . LEQ expr  (59)
	expr : expr . GT expr  (60)
	expr : expr . GEQ expr  (61)
	expr : expr . AND expr  (62)
	expr : expr . OR expr  (63)
	expr : expr . DOT ID LPAREN args_opt RPAREN  (67)

	DOT  shift 53
	TIMES  shift 56
	DIVIDE  shift 57
	POW  shift 58
	LOG  shift 59
	MOD  shift 60
	LPAREN  reduce 49
	RPAREN  reduce 49
	RBRACE  reduce 49
	LBRACK  reduce 49
	COMMA  reduce 49
	SEMI  reduce 49
	PLUS  reduce 49
	MINUS  reduce 49
	NOT  reduce 49
	EQ  reduce 49
	NEQ  reduce 49
	LT  reduce 49
	LEQ  reduce 49
	GT  reduce 49
	GEQ  reduce 49
	AND  reduce 49
	OR  reduce 49
	RETURN  reduce 49
	IF  reduce 49
	WHILE  reduce 49
	PRINT  reduce 49
	BREAK  reduce 49
	INT  reduce 49
	BOOL  reduce 49
	FLOAT  reduce 49
	NONE  reduce 49
	STRING  reduce 49
	LAMBDA  reduce 49
	TABLE  reduce 49
	LIST  reduce 49
	TUPLE  reduce 49
	ILIT  reduce 49
	BLIT  reduce 49
	SLIT  reduce 49
	ID  reduce 49
	FLIT  reduce 49
	EOF  reduce 49


state 84
	expr : expr . PLUS expr  (49)
	expr : expr . MINUS expr  (50)
	expr : expr MINUS expr .  (50)
	expr : expr . TIMES expr  (51)
	expr : expr . DIVIDE expr  (52)
	expr : expr . POW expr  (53)
	expr : expr . MOD expr  (54)
	expr : expr . LOG expr  (55)
	expr : expr . EQ expr  (56)
	expr : expr . NEQ expr  (57)
	expr : expr . LT expr  (58)
	expr : expr . LEQ expr  (59)
	expr : expr . GT expr  (60)
	expr : expr . GEQ expr  (61)
	expr : expr . AND expr  (62)
	expr : expr . OR expr  (63)
	expr : expr . DOT ID LPAREN args_opt RPAREN  (67)

	DOT  shift 53
	TIMES  shift 56
	DIVIDE  shift 57
	POW  shift 58
	LOG  shift 59
	MOD  shift 60
	LPAREN  reduce 50
	RPAREN  reduce 50
	RBRACE  reduce 50
	LBRACK  reduce 50
	COMMA  reduce 50
	SEMI  reduce 50
	PLUS  reduce 50
	MINUS  reduce 50
	NOT  reduce 50
	EQ  reduce 50
	NEQ  reduce 50
	LT  reduce 50
	LEQ  reduce 50
	GT  reduce 50
	GEQ  reduce 50
	AND  reduce 50
	OR  reduce 50
	RETURN  reduce 50
	IF  reduce 50
	WHILE  reduce 50
	PRINT  reduce 50
	BREAK  reduce 50
	INT  reduce 50
	BOOL  reduce 50
	FLOAT  reduce 50
	NONE  reduce 50
	STRING  reduce 50
	LAMBDA  reduce 50
	TABLE  reduce 50
	LIST  reduce 50
	TUPLE  reduce 50
	ILIT  reduce 50
	BLIT  reduce 50
	SLIT  reduce 50
	ID  reduce 50
	FLIT  reduce 50
	EOF  reduce 50


state 85
	expr : expr . PLUS expr  (49)
	expr : expr . MINUS expr  (50)
	expr : expr . TIMES expr  (51)
	expr : expr TIMES expr .  (51)
	expr : expr . DIVIDE expr  (52)
	expr : expr . POW expr  (53)
	expr : expr . MOD expr  (54)
	expr : expr . LOG expr  (55)
	expr : expr . EQ expr  (56)
	expr : expr . NEQ expr  (57)
	expr : expr . LT expr  (58)
	expr : expr . LEQ expr  (59)
	expr : expr . GT expr  (60)
	expr : expr . GEQ expr  (61)
	expr : expr . AND expr  (62)
	expr : expr . OR expr  (63)
	expr : expr . DOT ID LPAREN args_opt RPAREN  (67)

	DOT  shift 53
	POW  shift 58
	LOG  shift 59
	LPAREN  reduce 51
	RPAREN  reduce 51
	RBRACE  reduce 51
	LBRACK  reduce 51
	COMMA  reduce 51
	SEMI  reduce 51
	PLUS  reduce 51
	MINUS  reduce 51
	TIMES  reduce 51
	DIVIDE  reduce 51
	MOD  reduce 51
	NOT  reduce 51
	EQ  reduce 51
	NEQ  reduce 51
	LT  reduce 51
	LEQ  reduce 51
	GT  reduce 51
	GEQ  reduce 51
	AND  reduce 51
	OR  reduce 51
	RETURN  reduce 51
	IF  reduce 51
	WHILE  reduce 51
	PRINT  reduce 51
	BREAK  reduce 51
	INT  reduce 51
	BOOL  reduce 51
	FLOAT  reduce 51
	NONE  reduce 51
	STRING  reduce 51
	LAMBDA  reduce 51
	TABLE  reduce 51
	LIST  reduce 51
	TUPLE  reduce 51
	ILIT  reduce 51
	BLIT  reduce 51
	SLIT  reduce 51
	ID  reduce 51
	FLIT  reduce 51
	EOF  reduce 51


state 86
	expr : expr . PLUS expr  (49)
	expr : expr . MINUS expr  (50)
	expr : expr . TIMES expr  (51)
	expr : expr . DIVIDE expr  (52)
	expr : expr DIVIDE expr .  (52)
	expr : expr . POW expr  (53)
	expr : expr . MOD expr  (54)
	expr : expr . LOG expr  (55)
	expr : expr . EQ expr  (56)
	expr : expr . NEQ expr  (57)
	expr : expr . LT expr  (58)
	expr : expr . LEQ expr  (59)
	expr : expr . GT expr  (60)
	expr : expr . GEQ expr  (61)
	expr : expr . AND expr  (62)
	expr : expr . OR expr  (63)
	expr : expr . DOT ID LPAREN args_opt RPAREN  (67)

	DOT  shift 53
	POW  shift 58
	LOG  shift 59
	LPAREN  reduce 52
	RPAREN  reduce 52
	RBRACE  reduce 52
	LBRACK  reduce 52
	COMMA  reduce 52
	SEMI  reduce 52
	PLUS  reduce 52
	MINUS  reduce 52
	TIMES  reduce 52
	DIVIDE  reduce 52
	MOD  reduce 52
	NOT  reduce 52
	EQ  reduce 52
	NEQ  reduce 52
	LT  reduce 52
	LEQ  reduce 52
	GT  reduce 52
	GEQ  reduce 52
	AND  reduce 52
	OR  reduce 52
	RETURN  reduce 52
	IF  reduce 52
	WHILE  reduce 52
	PRINT  reduce 52
	BREAK  reduce 52
	INT  reduce 52
	BOOL  reduce 52
	FLOAT  reduce 52
	NONE  reduce 52
	STRING  reduce 52
	LAMBDA  reduce 52
	TABLE  reduce 52
	LIST  reduce 52
	TUPLE  reduce 52
	ILIT  reduce 52
	BLIT  reduce 52
	SLIT  reduce 52
	ID  reduce 52
	FLIT  reduce 52
	EOF  reduce 52


state 87
	expr : expr . PLUS expr  (49)
	expr : expr . MINUS expr  (50)
	expr : expr . TIMES expr  (51)
	expr : expr . DIVIDE expr  (52)
	expr : expr . POW expr  (53)
	expr : expr POW expr .  (53)
	expr : expr . MOD expr  (54)
	expr : expr . LOG expr  (55)
	expr : expr . EQ expr  (56)
	expr : expr . NEQ expr  (57)
	expr : expr . LT expr  (58)
	expr : expr . LEQ expr  (59)
	expr : expr . GT expr  (60)
	expr : expr . GEQ expr  (61)
	expr : expr . AND expr  (62)
	expr : expr . OR expr  (63)
	expr : expr . DOT ID LPAREN args_opt RPAREN  (67)

	DOT  shift 53
	POW  shift 58
	LOG  shift 59
	LPAREN  reduce 53
	RPAREN  reduce 53
	RBRACE  reduce 53
	LBRACK  reduce 53
	COMMA  reduce 53
	SEMI  reduce 53
	PLUS  reduce 53
	MINUS  reduce 53
	TIMES  reduce 53
	DIVIDE  reduce 53
	MOD  reduce 53
	NOT  reduce 53
	EQ  reduce 53
	NEQ  reduce 53
	LT  reduce 53
	LEQ  reduce 53
	GT  reduce 53
	GEQ  reduce 53
	AND  reduce 53
	OR  reduce 53
	RETURN  reduce 53
	IF  reduce 53
	WHILE  reduce 53
	PRINT  reduce 53
	BREAK  reduce 53
	INT  reduce 53
	BOOL  reduce 53
	FLOAT  reduce 53
	NONE  reduce 53
	STRING  reduce 53
	LAMBDA  reduce 53
	TABLE  reduce 53
	LIST  reduce 53
	TUPLE  reduce 53
	ILIT  reduce 53
	BLIT  reduce 53
	SLIT  reduce 53
	ID  reduce 53
	FLIT  reduce 53
	EOF  reduce 53


state 88
	expr : expr . PLUS expr  (49)
	expr : expr . MINUS expr  (50)
	expr : expr . TIMES expr  (51)
	expr : expr . DIVIDE expr  (52)
	expr : expr . POW expr  (53)
	expr : expr . MOD expr  (54)
	expr : expr . LOG expr  (55)
	expr : expr LOG expr .  (55)
	expr : expr . EQ expr  (56)
	expr : expr . NEQ expr  (57)
	expr : expr . LT expr  (58)
	expr : expr . LEQ expr  (59)
	expr : expr . GT expr  (60)
	expr : expr . GEQ expr  (61)
	expr : expr . AND expr  (62)
	expr : expr . OR expr  (63)
	expr : expr . DOT ID LPAREN args_opt RPAREN  (67)

	DOT  shift 53
	POW  shift 58
	LOG  shift 59
	LPAREN  reduce 55
	RPAREN  reduce 55
	RBRACE  reduce 55
	LBRACK  reduce 55
	COMMA  reduce 55
	SEMI  reduce 55
	PLUS  reduce 55
	MINUS  reduce 55
	TIMES  reduce 55
	DIVIDE  reduce 55
	MOD  reduce 55
	NOT  reduce 55
	EQ  reduce 55
	NEQ  reduce 55
	LT  reduce 55
	LEQ  reduce 55
	GT  reduce 55
	GEQ  reduce 55
	AND  reduce 55
	OR  reduce 55
	RETURN  reduce 55
	IF  reduce 55
	WHILE  reduce 55
	PRINT  reduce 55
	BREAK  reduce 55
	INT  reduce 55
	BOOL  reduce 55
	FLOAT  reduce 55
	NONE  reduce 55
	STRING  reduce 55
	LAMBDA  reduce 55
	TABLE  reduce 55
	LIST  reduce 55
	TUPLE  reduce 55
	ILIT  reduce 55
	BLIT  reduce 55
	SLIT  reduce 55
	ID  reduce 55
	FLIT  reduce 55
	EOF  reduce 55


state 89
	expr : expr . PLUS expr  (49)
	expr : expr . MINUS expr  (50)
	expr : expr . TIMES expr  (51)
	expr : expr . DIVIDE expr  (52)
	expr : expr . POW expr  (53)
	expr : expr . MOD expr  (54)
	expr : expr MOD expr .  (54)
	expr : expr . LOG expr  (55)
	expr : expr . EQ expr  (56)
	expr : expr . NEQ expr  (57)
	expr : expr . LT expr  (58)
	expr : expr . LEQ expr  (59)
	expr : expr . GT expr  (60)
	expr : expr . GEQ expr  (61)
	expr : expr . AND expr  (62)
	expr : expr . OR expr  (63)
	expr : expr . DOT ID LPAREN args_opt RPAREN  (67)

	DOT  shift 53
	POW  shift 58
	LOG  shift 59
	LPAREN  reduce 54
	RPAREN  reduce 54
	RBRACE  reduce 54
	LBRACK  reduce 54
	COMMA  reduce 54
	SEMI  reduce 54
	PLUS  reduce 54
	MINUS  reduce 54
	TIMES  reduce 54
	DIVIDE  reduce 54
	MOD  reduce 54
	NOT  reduce 54
	EQ  reduce 54
	NEQ  reduce 54
	LT  reduce 54
	LEQ  reduce 54
	GT  reduce 54
	GEQ  reduce 54
	AND  reduce 54
	OR  reduce 54
	RETURN  reduce 54
	IF  reduce 54
	WHILE  reduce 54
	PRINT  reduce 54
	BREAK  reduce 54
	INT  reduce 54
	BOOL  reduce 54
	FLOAT  reduce 54
	NONE  reduce 54
	STRING  reduce 54
	LAMBDA  reduce 54
	TABLE  reduce 54
	LIST  reduce 54
	TUPLE  reduce 54
	ILIT  reduce 54
	BLIT  reduce 54
	SLIT  reduce 54
	ID  reduce 54
	FLIT  reduce 54
	EOF  reduce 54


state 90
	expr : expr . PLUS expr  (49)
	expr : expr . MINUS expr  (50)
	expr : expr . TIMES expr  (51)
	expr : expr . DIVIDE expr  (52)
	expr : expr . POW expr  (53)
	expr : expr . MOD expr  (54)
	expr : expr . LOG expr  (55)
	expr : expr . EQ expr  (56)
	expr : expr EQ expr .  (56)
	expr : expr . NEQ expr  (57)
	expr : expr . LT expr  (58)
	expr : expr . LEQ expr  (59)
	expr : expr . GT expr  (60)
	expr : expr . GEQ expr  (61)
	expr : expr . AND expr  (62)
	expr : expr . OR expr  (63)
	expr : expr . DOT ID LPAREN args_opt RPAREN  (67)

	DOT  shift 53
	PLUS  shift 54
	MINUS  shift 55
	TIMES  shift 56
	DIVIDE  shift 57
	POW  shift 58
	LOG  shift 59
	MOD  shift 60
	LPAREN  reduce 56
	RPAREN  reduce 56
	RBRACE  reduce 56
	LBRACK  reduce 56
	COMMA  reduce 56
	SEMI  reduce 56
	NOT  reduce 56
	EQ  reduce 56
	NEQ  reduce 56
	LT  reduce 56
	LEQ  reduce 56
	GT  reduce 56
	GEQ  reduce 56
	AND  reduce 56
	OR  reduce 56
	RETURN  reduce 56
	IF  reduce 56
	WHILE  reduce 56
	PRINT  reduce 56
	BREAK  reduce 56
	INT  reduce 56
	BOOL  reduce 56
	FLOAT  reduce 56
	NONE  reduce 56
	STRING  reduce 56
	LAMBDA  reduce 56
	TABLE  reduce 56
	LIST  reduce 56
	TUPLE  reduce 56
	ILIT  reduce 56
	BLIT  reduce 56
	SLIT  reduce 56
	ID  reduce 56
	FLIT  reduce 56
	EOF  reduce 56


state 91
	expr : expr . PLUS expr  (49)
	expr : expr . MINUS expr  (50)
	expr : expr . TIMES expr  (51)
	expr : expr . DIVIDE expr  (52)
	expr : expr . POW expr  (53)
	expr : expr . MOD expr  (54)
	expr : expr . LOG expr  (55)
	expr : expr . EQ expr  (56)
	expr : expr . NEQ expr  (57)
	expr : expr NEQ expr .  (57)
	expr : expr . LT expr  (58)
	expr : expr . LEQ expr  (59)
	expr : expr . GT expr  (60)
	expr : expr . GEQ expr  (61)
	expr : expr . AND expr  (62)
	expr : expr . OR expr  (63)
	expr : expr . DOT ID LPAREN args_opt RPAREN  (67)

	DOT  shift 53
	PLUS  shift 54
	MINUS  shift 55
	TIMES  shift 56
	DIVIDE  shift 57
	POW  shift 58
	LOG  shift 59
	MOD  shift 60
	LPAREN  reduce 57
	RPAREN  reduce 57
	RBRACE  reduce 57
	LBRACK  reduce 57
	COMMA  reduce 57
	SEMI  reduce 57
	NOT  reduce 57
	EQ  reduce 57
	NEQ  reduce 57
	LT  reduce 57
	LEQ  reduce 57
	GT  reduce 57
	GEQ  reduce 57
	AND  reduce 57
	OR  reduce 57
	RETURN  reduce 57
	IF  reduce 57
	WHILE  reduce 57
	PRINT  reduce 57
	BREAK  reduce 57
	INT  reduce 57
	BOOL  reduce 57
	FLOAT  reduce 57
	NONE  reduce 57
	STRING  reduce 57
	LAMBDA  reduce 57
	TABLE  reduce 57
	LIST  reduce 57
	TUPLE  reduce 57
	ILIT  reduce 57
	BLIT  reduce 57
	SLIT  reduce 57
	ID  reduce 57
	FLIT  reduce 57
	EOF  reduce 57


state 92
	expr : expr . PLUS expr  (49)
	expr : expr . MINUS expr  (50)
	expr : expr . TIMES expr  (51)
	expr : expr . DIVIDE expr  (52)
	expr : expr . POW expr  (53)
	expr : expr . MOD expr  (54)
	expr : expr . LOG expr  (55)
	expr : expr . EQ expr  (56)
	expr : expr . NEQ expr  (57)
	expr : expr . LT expr  (58)
	expr : expr LT expr .  (58)
	expr : expr . LEQ expr  (59)
	expr : expr . GT expr  (60)
	expr : expr . GEQ expr  (61)
	expr : expr . AND expr  (62)
	expr : expr . OR expr  (63)
	expr : expr . DOT ID LPAREN args_opt RPAREN  (67)

	DOT  shift 53
	PLUS  shift 54
	MINUS  shift 55
	TIMES  shift 56
	DIVIDE  shift 57
	POW  shift 58
	LOG  shift 59
	MOD  shift 60
	LPAREN  reduce 58
	RPAREN  reduce 58
	RBRACE  reduce 58
	LBRACK  reduce 58
	COMMA  reduce 58
	SEMI  reduce 58
	NOT  reduce 58
	EQ  reduce 58
	NEQ  reduce 58
	LT  reduce 58
	LEQ  reduce 58
	GT  reduce 58
	GEQ  reduce 58
	AND  reduce 58
	OR  reduce 58
	RETURN  reduce 58
	IF  reduce 58
	WHILE  reduce 58
	PRINT  reduce 58
	BREAK  reduce 58
	INT  reduce 58
	BOOL  reduce 58
	FLOAT  reduce 58
	NONE  reduce 58
	STRING  reduce 58
	LAMBDA  reduce 58
	TABLE  reduce 58
	LIST  reduce 58
	TUPLE  reduce 58
	ILIT  reduce 58
	BLIT  reduce 58
	SLIT  reduce 58
	ID  reduce 58
	FLIT  reduce 58
	EOF  reduce 58


state 93
	expr : expr . PLUS expr  (49)
	expr : expr . MINUS expr  (50)
	expr : expr . TIMES expr  (51)
	expr : expr . DIVIDE expr  (52)
	expr : expr . POW expr  (53)
	expr : expr . MOD expr  (54)
	expr : expr . LOG expr  (55)
	expr : expr . EQ expr  (56)
	expr : expr . NEQ expr  (57)
	expr : expr . LT expr  (58)
	expr : expr . LEQ expr  (59)
	expr : expr LEQ expr .  (59)
	expr : expr . GT expr  (60)
	expr : expr . GEQ expr  (61)
	expr : expr . AND expr  (62)
	expr : expr . OR expr  (63)
	expr : expr . DOT ID LPAREN args_opt RPAREN  (67)

	DOT  shift 53
	PLUS  shift 54
	MINUS  shift 55
	TIMES  shift 56
	DIVIDE  shift 57
	POW  shift 58
	LOG  shift 59
	MOD  shift 60
	LPAREN  reduce 59
	RPAREN  reduce 59
	RBRACE  reduce 59
	LBRACK  reduce 59
	COMMA  reduce 59
	SEMI  reduce 59
	NOT  reduce 59
	EQ  reduce 59
	NEQ  reduce 59
	LT  reduce 59
	LEQ  reduce 59
	GT  reduce 59
	GEQ  reduce 59
	AND  reduce 59
	OR  reduce 59
	RETURN  reduce 59
	IF  reduce 59
	WHILE  reduce 59
	PRINT  reduce 59
	BREAK  reduce 59
	INT  reduce 59
	BOOL  reduce 59
	FLOAT  reduce 59
	NONE  reduce 59
	STRING  reduce 59
	LAMBDA  reduce 59
	TABLE  reduce 59
	LIST  reduce 59
	TUPLE  reduce 59
	ILIT  reduce 59
	BLIT  reduce 59
	SLIT  reduce 59
	ID  reduce 59
	FLIT  reduce 59
	EOF  reduce 59


state 94
	expr : expr . PLUS expr  (49)
	expr : expr . MINUS expr  (50)
	expr : expr . TIMES expr  (51)
	expr : expr . DIVIDE expr  (52)
	expr : expr . POW expr  (53)
	expr : expr . MOD expr  (54)
	expr : expr . LOG expr  (55)
	expr : expr . EQ expr  (56)
	expr : expr . NEQ expr  (57)
	expr : expr . LT expr  (58)
	expr : expr . LEQ expr  (59)
	expr : expr . GT expr  (60)
	expr : expr GT expr .  (60)
	expr : expr . GEQ expr  (61)
	expr : expr . AND expr  (62)
	expr : expr . OR expr  (63)
	expr : expr . DOT ID LPAREN args_opt RPAREN  (67)

	DOT  shift 53
	PLUS  shift 54
	MINUS  shift 55
	TIMES  shift 56
	DIVIDE  shift 57
	POW  shift 58
	LOG  shift 59
	MOD  shift 60
	LPAREN  reduce 60
	RPAREN  reduce 60
	RBRACE  reduce 60
	LBRACK  reduce 60
	COMMA  reduce 60
	SEMI  reduce 60
	NOT  reduce 60
	EQ  reduce 60
	NEQ  reduce 60
	LT  reduce 60
	LEQ  reduce 60
	GT  reduce 60
	GEQ  reduce 60
	AND  reduce 60
	OR  reduce 60
	RETURN  reduce 60
	IF  reduce 60
	WHILE  reduce 60
	PRINT  reduce 60
	BREAK  reduce 60
	INT  reduce 60
	BOOL  reduce 60
	FLOAT  reduce 60
	NONE  reduce 60
	STRING  reduce 60
	LAMBDA  reduce 60
	TABLE  reduce 60
	LIST  reduce 60
	TUPLE  reduce 60
	ILIT  reduce 60
	BLIT  reduce 60
	SLIT  reduce 60
	ID  reduce 60
	FLIT  reduce 60
	EOF  reduce 60


state 95
	expr : expr . PLUS expr  (49)
	expr : expr . MINUS expr  (50)
	expr : expr . TIMES expr  (51)
	expr : expr . DIVIDE expr  (52)
	expr : expr . POW expr  (53)
	expr : expr . MOD expr  (54)
	expr : expr . LOG expr  (55)
	expr : expr . EQ expr  (56)
	expr : expr . NEQ expr  (57)
	expr : expr . LT expr  (58)
	expr : expr . LEQ expr  (59)
	expr : expr . GT expr  (60)
	expr : expr . GEQ expr  (61)
	expr : expr GEQ expr .  (61)
	expr : expr . AND expr  (62)
	expr : expr . OR expr  (63)
	expr : expr . DOT ID LPAREN args_opt RPAREN  (67)

	DOT  shift 53
	PLUS  shift 54
	MINUS  shift 55
	TIMES  shift 56
	DIVIDE  shift 57
	POW  shift 58
	LOG  shift 59
	MOD  shift 60
	LPAREN  reduce 61
	RPAREN  reduce 61
	RBRACE  reduce 61
	LBRACK  reduce 61
	COMMA  reduce 61
	SEMI  reduce 61
	NOT  reduce 61
	EQ  reduce 61
	NEQ  reduce 61
	LT  reduce 61
	LEQ  reduce 61
	GT  reduce 61
	GEQ  reduce 61
	AND  reduce 61
	OR  reduce 61
	RETURN  reduce 61
	IF  reduce 61
	WHILE  reduce 61
	PRINT  reduce 61
	BREAK  reduce 61
	INT  reduce 61
	BOOL  reduce 61
	FLOAT  reduce 61
	NONE  reduce 61
	STRING  reduce 61
	LAMBDA  reduce 61
	TABLE  reduce 61
	LIST  reduce 61
	TUPLE  reduce 61
	ILIT  reduce 61
	BLIT  reduce 61
	SLIT  reduce 61
	ID  reduce 61
	FLIT  reduce 61
	EOF  reduce 61


state 96
	expr : expr . PLUS expr  (49)
	expr : expr . MINUS expr  (50)
	expr : expr . TIMES expr  (51)
	expr : expr . DIVIDE expr  (52)
	expr : expr . POW expr  (53)
	expr : expr . MOD expr  (54)
	expr : expr . LOG expr  (55)
	expr : expr . EQ expr  (56)
	expr : expr . NEQ expr  (57)
	expr : expr . LT expr  (58)
	expr : expr . LEQ expr  (59)
	expr : expr . GT expr  (60)
	expr : expr . GEQ expr  (61)
	expr : expr . AND expr  (62)
	expr : expr AND expr .  (62)
	expr : expr . OR expr  (63)
	expr : expr . DOT ID LPAREN args_opt RPAREN  (67)

	DOT  shift 53
	PLUS  shift 54
	MINUS  shift 55
	TIMES  shift 56
	DIVIDE  shift 57
	POW  shift 58
	LOG  shift 59
	MOD  shift 60
	EQ  shift 61
	NEQ  shift 62
	LT  shift 63
	LEQ  shift 64
	GT  shift 65
	GEQ  shift 66
	LPAREN  reduce 62
	RPAREN  reduce 62
	RBRACE  reduce 62
	LBRACK  reduce 62
	COMMA  reduce 62
	SEMI  reduce 62
	NOT  reduce 62
	AND  reduce 62
	OR  reduce 62
	RETURN  reduce 62
	IF  reduce 62
	WHILE  reduce 62
	PRINT  reduce 62
	BREAK  reduce 62
	INT  reduce 62
	BOOL  reduce 62
	FLOAT  reduce 62
	NONE  reduce 62
	STRING  reduce 62
	LAMBDA  reduce 62
	TABLE  reduce 62
	LIST  reduce 62
	TUPLE  reduce 62
	ILIT  reduce 62
	BLIT  reduce 62
	SLIT  reduce 62
	ID  reduce 62
	FLIT  reduce 62
	EOF  reduce 62


state 97
	expr : expr . PLUS expr  (49)
	expr : expr . MINUS expr  (50)
	expr : expr . TIMES expr  (51)
	expr : expr . DIVIDE expr  (52)
	expr : expr . POW expr  (53)
	expr : expr . MOD expr  (54)
	expr : expr . LOG expr  (55)
	expr : expr . EQ expr  (56)
	expr : expr . NEQ expr  (57)
	expr : expr . LT expr  (58)
	expr : expr . LEQ expr  (59)
	expr : expr . GT expr  (60)
	expr : expr . GEQ expr  (61)
	expr : expr . AND expr  (62)
	expr : expr . OR expr  (63)
	expr : expr OR expr .  (63)
	expr : expr . DOT ID LPAREN args_opt RPAREN  (67)

	DOT  shift 53
	PLUS  shift 54
	MINUS  shift 55
	TIMES  shift 56
	DIVIDE  shift 57
	POW  shift 58
	LOG  shift 59
	MOD  shift 60
	EQ  shift 61
	NEQ  shift 62
	LT  shift 63
	LEQ  shift 64
	GT  shift 65
	GEQ  shift 66
	LPAREN  reduce 63
	RPAREN  reduce 63
	RBRACE  reduce 63
	LBRACK  reduce 63
	COMMA  reduce 63
	SEMI  reduce 63
	NOT  reduce 63
	AND  reduce 63
	OR  reduce 63
	RETURN  reduce 63
	IF  reduce 63
	WHILE  reduce 63
	PRINT  reduce 63
	BREAK  reduce 63
	INT  reduce 63
	BOOL  reduce 63
	FLOAT  reduce 63
	NONE  reduce 63
	STRING  reduce 63
	LAMBDA  reduce 63
	TABLE  reduce 63
	LIST  reduce 63
	TUPLE  reduce 63
	ILIT  reduce 63
	BLIT  reduce 63
	SLIT  reduce 63
	ID  reduce 63
	FLIT  reduce 63
	EOF  reduce 63


state 98
	array : array COMMA primitives .  (32)

	.  reduce 32


state 99
	statement : IF LPAREN expr RPAREN . LBRACE stmnt_list RBRACE  (35)
	statement : IF LPAREN expr RPAREN . LBRACE stmnt_list RBRACE ELSE LBRACE stmnt_list RBRACE  (36)

	LBRACE  shift 109
	.  error


state 100
	statement : WHILE LPAREN expr RPAREN . LBRACE stmnt_list RBRACE  (37)

	LBRACE  shift 110
	.  error


state 101
	expr : ID LPAREN args_opt RPAREN .  (66)

	.  reduce 66


state 102
	args_list : args_list COMMA . expr  (13)

	LPAREN  shift 5
	LBRACK  shift 6
	MINUS  shift 7
	NOT  shift 8
	ILIT  shift 23
	BLIT  shift 24
	SLIT  shift 25
	ID  shift 40
	FLIT  shift 27
	.  error

	expr  goto 111


state 103
	statement : ID ASSIGN expr SEMI .  (39)

	.  reduce 39


state 104
	fdecl : typ ID LPAREN formals_opt . RPAREN LBRACE stmnt_list RBRACE  (14)

	RPAREN  shift 112
	.  error


state 105
	formals_opt : formal_list .  (5)
	formal_list : formal_list . COMMA typ ID  (7)

	COMMA  shift 113
	RPAREN  reduce 5


state 106
	formal_list : typ . ID  (6)

	ID  shift 114
	.  error


state 107
	statement : typ ID ASSIGN expr . SEMI  (40)
	expr : expr . PLUS expr  (49)
	expr : expr . MINUS expr  (50)
	expr : expr . TIMES expr  (51)
	expr : expr . DIVIDE expr  (52)
	expr : expr . POW expr  (53)
	expr : expr . MOD expr  (54)
	expr : expr . LOG expr  (55)
	expr : expr . EQ expr  (56)
	expr : expr . NEQ expr  (57)
	expr : expr . LT expr  (58)
	expr : expr . LEQ expr  (59)
	expr : expr . GT expr  (60)
	expr : expr . GEQ expr  (61)
	expr : expr . AND expr  (62)
	expr : expr . OR expr  (63)
	expr : expr . DOT ID LPAREN args_opt RPAREN  (67)

	SEMI  shift 115
	DOT  shift 53
	PLUS  shift 54
	MINUS  shift 55
	TIMES  shift 56
	DIVIDE  shift 57
	POW  shift 58
	LOG  shift 59
	MOD  shift 60
	EQ  shift 61
	NEQ  shift 62
	LT  shift 63
	LEQ  shift 64
	GT  shift 65
	GEQ  shift 66
	AND  shift 67
	OR  shift 68
	.  error


state 108
	expr : expr DOT ID LPAREN . args_opt RPAREN  (67)
	args_opt : .  (10)

	LPAREN  shift 5
	LBRACK  shift 6
	MINUS  shift 7
	NOT  shift 8
	ILIT  shift 23
	BLIT  shift 24
	SLIT  shift 25
	ID  shift 40
	FLIT  shift 27
	RPAREN  reduce 10

	expr  goto 75
	args_opt  goto 116
	args_list  goto 77


state 109
	statement : IF LPAREN expr RPAREN LBRACE . stmnt_list RBRACE  (35)
	statement : IF LPAREN expr RPAREN LBRACE . stmnt_list RBRACE ELSE LBRACE stmnt_list RBRACE  (36)
	stmnt_list : .  (15)

	.  reduce 15

	stmnt_list  goto 117


state 110
	statement : WHILE LPAREN expr RPAREN LBRACE . stmnt_list RBRACE  (37)
	stmnt_list : .  (15)

	.  reduce 15

	stmnt_list  goto 118


state 111
	args_list : args_list COMMA expr .  (13)
	expr : expr . PLUS expr  (49)
	expr : expr . MINUS expr  (50)
	expr : expr . TIMES expr  (51)
	expr : expr . DIVIDE expr  (52)
	expr : expr . POW expr  (53)
	expr : expr . MOD expr  (54)
	expr : expr . LOG expr  (55)
	expr : expr . EQ expr  (56)
	expr : expr . NEQ expr  (57)
	expr : expr . LT expr  (58)
	expr : expr . LEQ expr  (59)
	expr : expr . GT expr  (60)
	expr : expr . GEQ expr  (61)
	expr : expr . AND expr  (62)
	expr : expr . OR expr  (63)
	expr : expr . DOT ID LPAREN args_opt RPAREN  (67)

	DOT  shift 53
	PLUS  shift 54
	MINUS  shift 55
	TIMES  shift 56
	DIVIDE  shift 57
	POW  shift 58
	LOG  shift 59
	MOD  shift 60
	EQ  shift 61
	NEQ  shift 62
	LT  shift 63
	LEQ  shift 64
	GT  shift 65
	GEQ  shift 66
	AND  shift 67
	OR  shift 68
	RPAREN  reduce 13
	COMMA  reduce 13


state 112
	fdecl : typ ID LPAREN formals_opt RPAREN . LBRACE stmnt_list RBRACE  (14)

	LBRACE  shift 119
	.  error


state 113
	formal_list : formal_list COMMA . typ ID  (7)

	INT  shift 14
	BOOL  shift 15
	FLOAT  shift 16
	NONE  shift 17
	STRING  shift 18
	LAMBDA  shift 19
	TABLE  shift 20
	LIST  shift 21
	TUPLE  shift 22
	.  error

	typ  goto 120


state 114
	formal_list : typ ID .  (6)

	.  reduce 6


state 115
	statement : typ ID ASSIGN expr SEMI .  (40)

	.  reduce 40


state 116
	expr : expr DOT ID LPAREN args_opt . RPAREN  (67)

	RPAREN  shift 121
	.  error


state 117
	stmnt_list : stmnt_list . statement  (16)
	statement : IF LPAREN expr RPAREN LBRACE stmnt_list . RBRACE  (35)
	statement : IF LPAREN expr RPAREN LBRACE stmnt_list . RBRACE ELSE LBRACE stmnt_list RBRACE  (36)

	LPAREN  shift 5
	RBRACE  shift 122
	LBRACK  shift 6
	MINUS  shift 7
	NOT  shift 8
	RETURN  shift 9
	IF  shift 10
	WHILE  shift 11
	PRINT  shift 12
	BREAK  shift 13
	INT  shift 14
	BOOL  shift 15
	FLOAT  shift 16
	NONE  shift 17
	STRING  shift 18
	LAMBDA  shift 19
	TABLE  shift 20
	LIST  shift 21
	TUPLE  shift 22
	ILIT  shift 23
	BLIT  shift 24
	SLIT  shift 25
	ID  shift 26
	FLIT  shift 27
	.  error

	statement  goto 123
	typ  goto 30
	expr  goto 31
	fdecl  goto 32


state 118
	stmnt_list : stmnt_list . statement  (16)
	statement : WHILE LPAREN expr RPAREN LBRACE stmnt_list . RBRACE  (37)

	LPAREN  shift 5
	RBRACE  shift 124
	LBRACK  shift 6
	MINUS  shift 7
	NOT  shift 8
	RETURN  shift 9
	IF  shift 10
	WHILE  shift 11
	PRINT  shift 12
	BREAK  shift 13
	INT  shift 14
	BOOL  shift 15
	FLOAT  shift 16
	NONE  shift 17
	STRING  shift 18
	LAMBDA  shift 19
	TABLE  shift 20
	LIST  shift 21
	TUPLE  shift 22
	ILIT  shift 23
	BLIT  shift 24
	SLIT  shift 25
	ID  shift 26
	FLIT  shift 27
	.  error

	statement  goto 123
	typ  goto 30
	expr  goto 31
	fdecl  goto 32


state 119
	fdecl : typ ID LPAREN formals_opt RPAREN LBRACE . stmnt_list RBRACE  (14)
	stmnt_list : .  (15)

	.  reduce 15

	stmnt_list  goto 125


state 120
	formal_list : formal_list COMMA typ . ID  (7)

	ID  shift 126
	.  error


state 121
	expr : expr DOT ID LPAREN args_opt RPAREN .  (67)

	.  reduce 67


state 122
	statement : IF LPAREN expr RPAREN LBRACE stmnt_list RBRACE .  (35)
	statement : IF LPAREN expr RPAREN LBRACE stmnt_list RBRACE . ELSE LBRACE stmnt_list RBRACE  (36)

	ELSE  shift 127
	LPAREN  reduce 35
	RBRACE  reduce 35
	LBRACK  reduce 35
	MINUS  reduce 35
	NOT  reduce 35
	RETURN  reduce 35
	IF  reduce 35
	WHILE  reduce 35
	PRINT  reduce 35
	BREAK  reduce 35
	INT  reduce 35
	BOOL  reduce 35
	FLOAT  reduce 35
	NONE  reduce 35
	STRING  reduce 35
	LAMBDA  reduce 35
	TABLE  reduce 35
	LIST  reduce 35
	TUPLE  reduce 35
	ILIT  reduce 35
	BLIT  reduce 35
	SLIT  reduce 35
	ID  reduce 35
	FLIT  reduce 35
	EOF  reduce 35


state 123
	stmnt_list : stmnt_list statement .  (16)

	.  reduce 16


state 124
	statement : WHILE LPAREN expr RPAREN LBRACE stmnt_list RBRACE .  (37)

	.  reduce 37


state 125
	fdecl : typ ID LPAREN formals_opt RPAREN LBRACE stmnt_list . RBRACE  (14)
	stmnt_list : stmnt_list . statement  (16)

	LPAREN  shift 5
	RBRACE  shift 128
	LBRACK  shift 6
	MINUS  shift 7
	NOT  shift 8
	RETURN  shift 9
	IF  shift 10
	WHILE  shift 11
	PRINT  shift 12
	BREAK  shift 13
	INT  shift 14
	BOOL  shift 15
	FLOAT  shift 16
	NONE  shift 17
	STRING  shift 18
	LAMBDA  shift 19
	TABLE  shift 20
	LIST  shift 21
	TUPLE  shift 22
	ILIT  shift 23
	BLIT  shift 24
	SLIT  shift 25
	ID  shift 26
	FLIT  shift 27
	.  error

	statement  goto 123
	typ  goto 30
	expr  goto 31
	fdecl  goto 32


state 126
	formal_list : formal_list COMMA typ ID .  (7)

	.  reduce 7


state 127
	statement : IF LPAREN expr RPAREN LBRACE stmnt_list RBRACE ELSE . LBRACE stmnt_list RBRACE  (36)

	LBRACE  shift 129
	.  error


state 128
	fdecl : typ ID LPAREN formals_opt RPAREN LBRACE stmnt_list RBRACE .  (14)

	.  reduce 14


state 129
	statement : IF LPAREN expr RPAREN LBRACE stmnt_list RBRACE ELSE LBRACE . stmnt_list RBRACE  (36)
	stmnt_list : .  (15)

	.  reduce 15

	stmnt_list  goto 130


state 130
	stmnt_list : stmnt_list . statement  (16)
	statement : IF LPAREN expr RPAREN LBRACE stmnt_list RBRACE ELSE LBRACE stmnt_list . RBRACE  (36)

	LPAREN  shift 5
	RBRACE  shift 131
	LBRACK  shift 6
	MINUS  shift 7
	NOT  shift 8
	RETURN  shift 9
	IF  shift 10
	WHILE  shift 11
	PRINT  shift 12
	BREAK  shift 13
	INT  shift 14
	BOOL  shift 15
	FLOAT  shift 16
	NONE  shift 17
	STRING  shift 18
	LAMBDA  shift 19
	TABLE  shift 20
	LIST  shift 21
	TUPLE  shift 22
	ILIT  shift 23
	BLIT  shift 24
	SLIT  shift 25
	ID  shift 26
	FLIT  shift 27
	.  error

	statement  goto 123
	typ  goto 30
	expr  goto 31
	fdecl  goto 32


state 131
	statement : IF LPAREN expr RPAREN LBRACE stmnt_list RBRACE ELSE LBRACE stmnt_list RBRACE .  (36)

	.  reduce 36


State 40 contains 1 shift/reduce conflict.


59 terminals, 16 nonterminals
71 grammar rules, 132 states
